Using pre-set license
Built from '2020.2/staging' branch; Version is '2020.2.3f1 (8ff31bc5bf5b) revision 9433883'; Using compiler version '192528614'; Build Type 'Release'
OS: 'Windows 10 Pro; OS build 19042.804; Version 2009; 64bit' Language: 'en' Physical Memory: 16286 MB
BatchMode: 1, IsHumanControllingUs: 0, StartBugReporterOnCrash: 0, Is64bit: 1, IsPro: 0

 COMMAND LINE ARGUMENTS:
D:\Program Files\2020.2.3f1\Editor\Unity.exe
-adb2
-batchMode
-noUpm
-name
AssetImportWorker0
-projectPath
D:/Users/guimo/Unity/TopDown
-logFile
Logs/AssetImportWorker0.log
-srvPort
59931
Successfully changed project path to: D:/Users/guimo/Unity/TopDown
D:/Users/guimo/Unity/TopDown
Using Asset Import Pipeline V2.
Refreshing native plugins compatible for Editor in 52.49 ms, found 0 plugins.
Preloading 0 native plugins for Editor in 0.00 ms.
Initialize engine version: 2020.2.3f1 (8ff31bc5bf5b)
[Subsystems] Discovering subsystems at path D:/Program Files/2020.2.3f1/Editor/Data/Resources/UnitySubsystems
[Subsystems] Discovering subsystems at path D:/Users/guimo/Unity/TopDown/Assets
GfxDevice: creating device client; threaded=0
Direct3D:
    Version:  Direct3D 11.0 [level 11.1]
    Renderer: NVIDIA GeForce GTX 1080 (ID=0x1b80)
    Vendor:   
    VRAM:     8079 MB
    Driver:   27.21.14.6140
Shader 'Universal Render Pipeline/Particles/Lit': fallback shader 'Universal Render Pipeline/Particles/SimpleLit' not found
Initialize mono
Mono path[0] = 'D:/Program Files/2020.2.3f1/Editor/Data/Managed'
Mono path[1] = 'D:/Program Files/2020.2.3f1/Editor/Data/MonoBleedingEdge/lib/mono/unityjit'
Mono config path = 'D:/Program Files/2020.2.3f1/Editor/Data/MonoBleedingEdge/etc'
Using monoOptions --debugger-agent=transport=dt_socket,embedding=1,server=y,suspend=n,address=127.0.0.1:56104
Begin MonoManager ReloadAssembly
Registering precompiled unity dll's ...
Register platform support module: D:/Program Files/2020.2.3f1/Editor/Data/PlaybackEngines/WindowsStandaloneSupport/UnityEditor.WindowsStandalone.Extensions.dll
Registered in 0.001259 seconds.
Native extension for WindowsStandalone target not found
Refreshing native plugins compatible for Editor in 55.05 ms, found 0 plugins.
Preloading 0 native plugins for Editor in 0.00 ms.
Invoked RoslynAnalysisRunner static constructor.
RoslynAnalysisRunner will not be running.
RoslynAnalysisRunner has terminated.
Mono: successfully reloaded assembly
- Completed reload, in  1.242 seconds
Platform modules already initialized, skipping
Registering precompiled user dll's ...
Registered in 0.001538 seconds.
Begin MonoManager ReloadAssembly
Native extension for WindowsStandalone target not found
Refreshing native plugins compatible for Editor in 56.90 ms, found 0 plugins.
Preloading 0 native plugins for Editor in 0.00 ms.
Invoked RoslynAnalysisRunner static constructor.
RoslynAnalysisRunner will not be running.
RoslynAnalysisRunner has terminated.
Mono: successfully reloaded assembly
- Completed reload, in  1.145 seconds
Platform modules already initialized, skipping
========================================================================
Worker process is ready to serve import requests
Shader 'Universal Render Pipeline/Particles/Lit': fallback shader 'Universal Render Pipeline/Particles/SimpleLit' not found
Launched and connected shader compiler UnityShaderCompiler.exe after 0.06 seconds
Refreshing native plugins compatible for Editor in 0.57 ms, found 0 plugins.
Preloading 0 native plugins for Editor in 0.00 ms.
Unloading 3116 Unused Serialized files (Serialized files now loaded: 0)
System memory in use before: 138.1 MB.
System memory in use after: 138.4 MB.

Unloading 17 unused Assets to reduce memory usage. Loaded Objects now: 3568.
Total: 2.327300 ms (FindLiveObjects: 0.269900 ms CreateObjectMapping: 0.141300 ms MarkObjects: 1.890800 ms  DeleteObjects: 0.024100 ms)

========================================================================
Received Import Request.
  path: Assets/PS/Ground
  artifactKey: Guid(7751018ff6b39084ca550136c1cb9c59) Importer(815301076,1909f56bfc062723c751e8b465ee728b)
Start importing Assets/PS/Ground using Guid(7751018ff6b39084ca550136c1cb9c59) Importer(815301076,1909f56bfc062723c751e8b465ee728b)  -> (artifact id: '26a0f7974d695cb1f4bc0a0a2ad28ec8') in 0.084283 seconds
  Import took 0.088686 seconds .

========================================================================
Received Prepare
Registering precompiled user dll's ...
Registered in 0.001707 seconds.
Begin MonoManager ReloadAssembly
Native extension for WindowsStandalone target not found
Refreshing native plugins compatible for Editor in 0.56 ms, found 0 plugins.
Preloading 0 native plugins for Editor in 0.00 ms.
Invoked RoslynAnalysisRunner static constructor.
RoslynAnalysisRunner will not be running.
RoslynAnalysisRunner has terminated.
Mono: successfully reloaded assembly
- Completed reload, in  1.029 seconds
Platform modules already initialized, skipping
Shader 'Universal Render Pipeline/Particles/Lit': fallback shader 'Universal Render Pipeline/Particles/SimpleLit' not found
Refreshing native plugins compatible for Editor in 0.58 ms, found 0 plugins.
Preloading 0 native plugins for Editor in 0.00 ms.
Unloading 2995 Unused Serialized files (Serialized files now loaded: 0)
System memory in use before: 131.6 MB.
System memory in use after: 131.8 MB.

Unloading 8 unused Assets to reduce memory usage. Loaded Objects now: 3570.
Total: 2.463000 ms (FindLiveObjects: 0.282100 ms CreateObjectMapping: 0.148000 ms MarkObjects: 2.014300 ms  DeleteObjects: 0.017700 ms)

========================================================================
Received Import Request.
  Time since last request: 7007.330714 seconds.
  path: Assets/PS/Ground/Rocks_0_Downscaled.png
  artifactKey: Guid(9c4f50f6d4935e7419deadae1312cdef) Importer(815301076,1909f56bfc062723c751e8b465ee728b)
Start importing Assets/PS/Ground/Rocks_0_Downscaled.png using Guid(9c4f50f6d4935e7419deadae1312cdef) Importer(815301076,1909f56bfc062723c751e8b465ee728b)  -> (artifact id: '706835d0350b0c482a51996c083877bf') in 0.152131 seconds
  Import took 0.191103 seconds .

========================================================================
Received Import Request.
  Time since last request: 4.814572 seconds.
  path: Assets/PS/Ground/Rocks_0_Downscaled.png
  artifactKey: Guid(9c4f50f6d4935e7419deadae1312cdef) Importer(815301076,1909f56bfc062723c751e8b465ee728b)
Start importing Assets/PS/Ground/Rocks_0_Downscaled.png using Guid(9c4f50f6d4935e7419deadae1312cdef) Importer(815301076,1909f56bfc062723c751e8b465ee728b)  -> (artifact id: 'e77e2a8b7b3a4023641d82ab264fb387') in 0.006855 seconds
  Import took 0.011634 seconds .

========================================================================
Received Import Request.
  Time since last request: 5.220017 seconds.
  path: Assets/PS/Ground/Rocks_0_Downscaled.png
  artifactKey: Guid(9c4f50f6d4935e7419deadae1312cdef) Importer(815301076,1909f56bfc062723c751e8b465ee728b)
Start importing Assets/PS/Ground/Rocks_0_Downscaled.png using Guid(9c4f50f6d4935e7419deadae1312cdef) Importer(815301076,1909f56bfc062723c751e8b465ee728b)  -> (artifact id: '84cece3fcb47e5a9bd33672b4efda50a') in 0.006774 seconds
  Import took 0.042198 seconds .

AssetImportWorkerClient::OnTransportError - code=2 error=End of file
